[09:59:13] alt:V Server, build #760, branch beta
[09:59:13] Starting [LISA] Life in San Andreas on 0.0.0.0:7788
[09:59:13] Starting resource lisa-assets
[09:59:13] Started resource lisa-assets
[09:59:13] Starting resource progress
[09:59:13] Started resource progress
[09:59:13] Starting resource notify
[09:59:13] Started resource notify
[09:59:13] Starting resource altv-extended
[09:59:13] Started resource altv-extended
[09:59:13] Starting resource altmp-js-network-streamer
[09:59:13] Started resource altmp-js-network-streamer
[09:59:13] Starting resource lisa_audioengine
[09:59:13] Started resource lisa_audioengine
[09:59:13] Starting resource editor
[09:59:13] Started resource editor
[09:59:13] Starting resource pointing
[09:59:13] Started resource pointing
[09:59:13] Starting resource passengerseat
[09:59:13] Started resource passengerseat
[09:59:13] Starting resource lisa
[09:59:13] Starting resource chat
[09:59:13] Started resource chat
[09:59:13] Started resource lisa
[09:59:13] Starting resource lisa_charactercontrols
[09:59:14] Started resource lisa_charactercontrols
[09:59:14] Starting resource lisa_map
[09:59:14] Started resource lisa_map
[09:59:14] Starting resource lisa_nameplates
[09:59:14] Started resource lisa_nameplates
[09:59:14] Starting resource lisa_dbstore
[09:59:14] Started resource lisa_dbstore
[09:59:14] Starting resource lisa_itemstore
[09:59:14] Started resource lisa_itemstore
[09:59:14] Starting resource lisa_functions
[09:59:14] Started resource lisa_functions
[09:59:14] Starting resource lisa_atm
[09:59:14] Started resource lisa_atm
[09:59:14] Starting resource lisa_residence
[09:59:14] Started resource lisa_residence
[09:59:14] Starting resource lisa_garages
[09:59:14] Started resource lisa_garages
[09:59:15] Starting resource lisa_login
[09:59:15] Started resource lisa_login
[09:59:15] Starting resource lisa_vehicles
[09:59:15] Started resource lisa_vehicles
[09:59:15] Starting resource lisa_loadcharacter
[09:59:15] Started resource lisa_loadcharacter
[09:59:15] Starting resource lisa_business
[09:59:16] Started resource lisa_business
[09:59:16] Starting resource lisa_fuelpumps
[09:59:16] Started resource lisa_fuelpumps
[09:59:16] Starting resource lisa_fishing
[09:59:16] Started resource lisa_fishing
[09:59:16] Starting HTTP server on 0.0.0.0:7788
[09:59:16] Server started
